2022-01-31 00:15:14.1226|TRACE|Program|Initializing application...
2022-01-31 00:15:36.9249|TRACE|Program|Initializing application...
2022-01-31 00:17:10.0855|TRACE|Program|Initializing application...
2022-01-31 00:21:13.4102|TRACE|Program|Initializing application...
2022-01-31 00:21:44.9487|TRACE|TransactionRepository|Error Code: InvalidTransactionInfo, Description: Invalid Transaction Information
2022-01-31 00:22:05.7456|TRACE|TransactionRepository|Error Code: InvalidTransactionInfo, Description: Invalid Transaction Information
2022-01-31 00:22:27.7100|TRACE|Program|Initializing application...
2022-01-31 00:23:06.2434|TRACE|TransactionRepository|Error Code: InvalidTransactionInfo, Description: Invalid Transaction Information
2022-01-31 00:23:19.5286|TRACE|TransactionRepository|Error Code: InvalidTransactionInfo, Description: Invalid Transaction Information
2022-01-31 00:25:39.0544|TRACE|TransactionRepository|Error Code: InvalidTransactionInfo, Description: Invalid Transaction Information
2022-01-31 00:45:35.4459|TRACE|Program|Initializing application...
2022-01-31 00:45:56.5877|ERROR|TransactionRepository|An exception was thrown while attempting to evaluate a LINQ query parameter expression. To show additional information call EnableSensitiveDataLogging() when overriding DbContext.OnConfiguring.
2022-01-31 00:46:28.6690|TRACE|Program|Initializing application...
2022-01-31 00:46:31.5038|TRACE|TransactionRepository|Error Code: InvalidTransactionInfo, Description: Invalid Transaction Information
2022-01-31 00:46:34.2426|ERROR|TransactionRepository|An exception was thrown while attempting to evaluate a LINQ query parameter expression. To show additional information call EnableSensitiveDataLogging() when overriding DbContext.OnConfiguring.
2022-01-31 00:47:24.1134|TRACE|Program|Initializing application...
2022-01-31 00:47:43.2680|TRACE|Program|Initializing application...
2022-01-31 00:50:01.2123|TRACE|Program|Initializing application...
2022-01-31 00:51:48.2787|TRACE|Program|Initializing application...
2022-01-31 00:54:04.0286|TRACE|Program|Initializing application...
2022-01-31 00:54:41.4662|TRACE|Program|Initializing application...
2022-01-31 00:58:21.8271|TRACE|Program|Initializing application...
2022-01-31 00:59:24.8964|TRACE|Program|Initializing application...
2022-01-31 01:02:02.0501|TRACE|Program|Initializing application...
2022-01-31 01:02:04.1458|ERROR|Application stopped bacause of exception|Endpoint Routing does not support 'IApplicationBuilder.UseMvc(...)'. To use 'IApplicationBuilder.UseMvc' set 'MvcOptions.EnableEndpointRouting = false' inside 'ConfigureServices(...).
2022-01-31 01:02:15.6411|TRACE|Program|Initializing application...
2022-01-31 01:04:39.7688|TRACE|Program|Initializing application...
2022-01-31 01:05:02.8634|TRACE|Program|Initializing application...
2022-01-31 01:05:31.8434|ERROR|TransactionRepository|An exception was thrown while attempting to evaluate a LINQ query parameter expression. To show additional information call EnableSensitiveDataLogging() when overriding DbContext.OnConfiguring.
2022-01-31 01:05:50.9679|ERROR|TransactionRepository|An exception was thrown while attempting to evaluate a LINQ query parameter expression. To show additional information call EnableSensitiveDataLogging() when overriding DbContext.OnConfiguring.
2022-01-31 01:08:30.5534|TRACE|Program|Initializing application...
2022-01-31 01:08:49.3400|TRACE|TransactionRepository|Error Code: InvalidTransactionInfo, Description: Invalid Transaction Information
2022-01-31 01:08:54.6053|TRACE|TransactionRepository|Error Code: InvalidTransactionInfo, Description: Invalid Transaction Information
2022-01-31 01:08:59.0598|TRACE|TransactionRepository|Error Code: InvalidTransactionInfo, Description: Invalid Transaction Information
2022-01-31 01:09:04.2242|TRACE|TransactionRepository|Error Code: InvalidTransactionInfo, Description: Invalid Transaction Information
2022-01-31 01:09:16.8693|TRACE|Program|Initializing application...
2022-01-31 01:09:20.9294|ERROR|TransactionRepository|An exception was thrown while attempting to evaluate a LINQ query parameter expression. To show additional information call EnableSensitiveDataLogging() when overriding DbContext.OnConfiguring.
2022-01-31 01:09:21.7626|ERROR|TransactionRepository|An exception was thrown while attempting to evaluate a LINQ query parameter expression. To show additional information call EnableSensitiveDataLogging() when overriding DbContext.OnConfiguring.
2022-01-31 01:09:56.9160|TRACE|Program|Initializing application...
2022-01-31 01:10:18.1141|ERROR|TransactionRepository|An exception was thrown while attempting to evaluate a LINQ query parameter expression. To show additional information call EnableSensitiveDataLogging() when overriding DbContext.OnConfiguring.
2022-01-31 01:10:35.4239|TRACE|TransactionRepository|Error Code: InvalidTransactionInfo, Description: Invalid Transaction Information
2022-01-31 01:11:40.3475|TRACE|Program|Initializing application...
2022-01-31 01:11:51.3530|TRACE|Program|Initializing application...
2022-01-31 01:12:33.6064|TRACE|Program|Initializing application...
2022-01-31 01:13:06.3061|TRACE|Program|Initializing application...
2022-01-31 01:14:35.1771|TRACE|Program|Initializing application...
2022-01-31 01:21:20.9236|TRACE|Program|Initializing application...
2022-01-31 01:22:15.1100|TRACE|Program|Initializing application...
2022-01-31 01:23:39.0941|TRACE|Program|Initializing application...
2022-01-31 01:26:34.2300|TRACE|Program|Initializing application...
2022-01-31 01:30:42.5826|TRACE|Program|Initializing application...
2022-01-31 01:36:42.7570|TRACE|Program|Initializing application...
2022-01-31 01:37:02.9635|ERROR|TransactionRepository|Value cannot be null. (Parameter 's')
2022-01-31 01:37:12.5386|TRACE|Program|Initializing application...
2022-01-31 01:37:36.8857|ERROR|TransactionRepository|Value cannot be null. (Parameter 's')
2022-01-31 01:38:10.1329|ERROR|TransactionRepository|Value cannot be null. (Parameter 's')
2022-01-31 01:38:29.2811|ERROR|TransactionRepository|Value cannot be null. (Parameter 's')
2022-01-31 01:39:38.3846|ERROR|TransactionRepository|Value cannot be null. (Parameter 's')
2022-01-31 01:39:44.2159|ERROR|TransactionRepository|String '2021-08-26T09:42:00' was not recognized as a valid DateTime.
2022-01-31 01:53:01.9972|TRACE|Program|Initializing application...
