2022-01-30 12:05:49.9673|TRACE|Program|Initializing application...
2022-01-30 12:06:31.8297|ERROR|TransactionController|The method or operation is not implemented.
2022-01-30 12:06:41.1361|TRACE|TransactionRepository|Error Code: TransactionAlreadyExist, Description: Transaction Already Exists
2022-01-30 12:06:52.2174|TRACE|TransactionRepository|Error Code: TransactionAlreadyExist, Description: Transaction Already Exists
2022-01-30 12:07:02.6219|ERROR|TransactionController|The method or operation is not implemented.
2022-01-30 12:07:15.1653|TRACE|TransactionRepository|Error Code: TransactionAlreadyExist, Description: Transaction Already Exists
2022-01-30 12:07:39.0776|TRACE|TransactionRepository|Error Code: TransactionAlreadyExist, Description: Transaction Already Exists
2022-01-30 12:08:14.3589|TRACE|TransactionRepository|Error Code: TransactionAlreadyExist, Description: Transaction Already Exists
2022-01-30 12:08:26.8022|TRACE|TransactionRepository|Error Code: TransactionAlreadyExist, Description: Transaction Already Exists
2022-01-30 12:09:27.8269|TRACE|TransactionRepository|Error Code: TransactionAlreadyExist, Description: Transaction Already Exists
2022-01-30 12:10:33.4655|TRACE|Program|Initializing application...
2022-01-30 12:19:49.2520|TRACE|Program|Initializing application...
2022-01-30 12:20:07.9767|TRACE|TransactionRepository|Error Code: TransactionAlreadyExist, Description: Transaction Already Exists
2022-01-30 12:21:12.0343|TRACE|Program|Initializing application...
2022-01-30 12:23:01.2801|TRACE|Program|Initializing application...
2022-01-30 13:55:20.7993|TRACE|Program|Initializing application...
2022-01-30 13:56:36.1310|TRACE|Program|Initializing application...
2022-01-30 14:00:32.0027|TRACE|Program|Initializing application...
2022-01-30 14:01:34.5374|TRACE|Program|Initializing application...
2022-01-30 14:03:08.7389|TRACE|Program|Initializing application...
2022-01-30 14:07:23.9343|TRACE|Program|Initializing application...
2022-01-30 15:23:19.1562|TRACE|Program|Initializing application...
2022-01-30 15:24:59.4953|TRACE|Program|Initializing application...
2022-01-30 15:25:51.3046|TRACE|Program|Initializing application...
2022-01-30 15:30:14.8438|TRACE|Program|Initializing application...
2022-01-30 15:35:46.8629|TRACE|Program|Initializing application...
2022-01-30 15:50:26.6871|TRACE|Program|Initializing application...
2022-01-30 15:53:53.9239|TRACE|Program|Initializing application...
2022-01-30 15:55:16.3974|TRACE|Program|Initializing application...
2022-01-30 16:02:39.7695|TRACE|Program|Initializing application...
2022-01-30 16:04:29.7366|TRACE|Program|Initializing application...
2022-01-30 16:16:24.9100|TRACE|Program|Initializing application...
2022-01-30 16:18:12.4205|TRACE|Program|Initializing application...
2022-01-30 16:23:16.1442|TRACE|Program|Initializing application...
2022-01-30 16:26:35.2797|TRACE|Program|Initializing application...
2022-01-30 16:28:26.9366|TRACE|Program|Initializing application...
2022-01-30 16:29:35.3862|TRACE|Program|Initializing application...
2022-01-30 16:34:34.5042|TRACE|Program|Initializing application...
2022-01-30 16:40:58.1402|TRACE|Program|Initializing application...
2022-01-30 16:43:46.9900|TRACE|Program|Initializing application...
2022-01-30 17:49:11.1588|TRACE|Program|Initializing application...
2022-01-30 18:30:22.3513|TRACE|Program|Initializing application...
2022-01-30 18:30:27.0810|TRACE|TransactionRepository|Error Code: InvalidTransactionInfo, Description: Invalid Transaction Information
2022-01-30 18:31:49.6582|TRACE|Program|Initializing application...
2022-01-30 18:31:52.2835|TRACE|TransactionRepository|Error Code: InvalidTransactionInfo, Description: Invalid Transaction Information
2022-01-30 18:32:38.0402|TRACE|Program|Initializing application...
2022-01-30 18:32:40.7472|TRACE|TransactionRepository|Error Code: InvalidTransactionInfo, Description: Invalid Transaction Information
2022-01-30 18:36:28.7652|TRACE|Program|Initializing application...
2022-01-30 18:36:31.2861|TRACE|TransactionRepository|Error Code: InvalidTransactionInfo, Description: Invalid Transaction Information
2022-01-30 18:39:35.8311|TRACE|Program|Initializing application...
2022-01-30 18:39:39.5974|TRACE|TransactionRepository|Error Code: InvalidTransactionInfo, Description: Invalid Transaction Information
2022-01-30 18:40:38.3077|TRACE|Program|Initializing application...
2022-01-30 18:40:41.7439|TRACE|TransactionRepository|Error Code: InvalidTransactionInfo, Description: Invalid Transaction Information
2022-01-30 18:44:37.4827|TRACE|Program|Initializing application...
2022-01-30 18:49:15.7760|TRACE|Program|Initializing application...
2022-01-30 18:50:52.4308|TRACE|Program|Initializing application...
2022-01-30 18:50:57.0133|TRACE|TransactionRepository|Error Code: InvalidTransactionInfo, Description: Invalid Transaction Information
2022-01-30 18:57:38.9291|TRACE|Program|Initializing application...
2022-01-30 18:57:42.1380|TRACE|TransactionRepository|Error Code: InvalidTransactionInfo, Description: Invalid Transaction Information
2022-01-30 18:59:42.4604|TRACE|TransactionRepository|Error Code: InvalidTransactionInfo, Description: Invalid Transaction Information
2022-01-30 19:00:42.4931|TRACE|Program|Initializing application...
2022-01-30 19:03:18.0348|TRACE|Program|Initializing application...
2022-01-30 19:03:22.8473|TRACE|TransactionRepository|Error Code: InvalidTransactionInfo, Description: Invalid Transaction Information
2022-01-30 19:04:42.5826|TRACE|Program|Initializing application...
2022-01-30 19:04:45.3260|TRACE|TransactionRepository|Error Code: InvalidTransactionInfo, Description: Invalid Transaction Information
2022-01-30 19:17:14.0239|TRACE|Program|Initializing application...
2022-01-30 19:17:15.2254|TRACE|TransactionRepository|Error Code: InvalidTransactionInfo, Description: Invalid Transaction Information
2022-01-30 19:17:29.7862|TRACE|TransactionRepository|Error Code: InvalidTransactionStatus, Description: Invalid Transaction Status
2022-01-30 19:17:44.8234|TRACE|TransactionRepository|Error Code: InvalidTransactionStatus, Description: Invalid Transaction Status
2022-01-30 19:17:58.2523|TRACE|Program|Initializing application...
2022-01-30 19:18:01.0325|TRACE|TransactionRepository|Error Code: InvalidTransactionInfo, Description: Invalid Transaction Information
2022-01-30 19:18:22.0740|TRACE|TransactionRepository|Error Code: InvalidTransactionStatus, Description: Invalid Transaction Status
2022-01-30 19:18:56.2558|TRACE|TransactionRepository|Error Code: InvalidTransactionStatus, Description: Invalid Transaction Status
2022-01-30 19:19:31.4729|TRACE|Program|Initializing application...
2022-01-30 19:19:37.3824|TRACE|TransactionRepository|Error Code: InvalidTransactionStatus, Description: Invalid Transaction Status
2022-01-30 19:25:54.4228|TRACE|Program|Initializing application...
2022-01-30 19:26:23.0187|TRACE|Program|Initializing application...
2022-01-30 19:26:27.6899|TRACE|TransactionRepository|Error Code: InvalidTransactionInfo, Description: Invalid Transaction Information
2022-01-30 19:30:09.3697|TRACE|Program|Initializing application...
2022-01-30 19:30:10.4621|TRACE|TransactionRepository|Error Code: InvalidTransactionInfo, Description: Invalid Transaction Information
2022-01-30 19:30:22.6870|TRACE|TransactionRepository|Error Code: InvalidTransactionStatus, Description: Invalid Transaction Status
2022-01-30 19:31:44.6867|TRACE|TransactionRepository|Error Code: InvalidTransactionStatus, Description: Invalid Transaction Status
2022-01-30 19:32:23.0619|TRACE|Program|Initializing application...
2022-01-30 19:32:49.9473|TRACE|TransactionRepository|Error Code: InvalidTransactionStatus, Description: Invalid Transaction Status
2022-01-30 19:35:02.5061|TRACE|Program|Initializing application...
2022-01-30 19:35:08.7186|ERROR|TransactionRepository|An error occurred while updating the entries. See the inner exception for details.
2022-01-30 19:35:18.9551|TRACE|Program|Initializing application...
2022-01-30 19:36:41.3758|TRACE|Program|Initializing application...
2022-01-30 19:36:42.6481|TRACE|TransactionRepository|Error Code: InvalidTransactionInfo, Description: Invalid Transaction Information
2022-01-30 19:36:51.4806|ERROR|TransactionRepository|An error occurred while updating the entries. See the inner exception for details.
2022-01-30 19:37:09.6715|TRACE|Program|Initializing application...
2022-01-30 19:38:34.1704|TRACE|TransactionRepository|Error Code: TransactionAlreadyExist, Description: Transaction Already Exists
2022-01-30 19:38:59.3791|TRACE|Program|Initializing application...
2022-01-30 19:39:03.9029|TRACE|TransactionRepository|Error Code: InvalidTransactionInfo, Description: Invalid Transaction Information
2022-01-30 19:40:06.1857|TRACE|Program|Initializing application...
2022-01-30 19:40:07.2715|TRACE|TransactionRepository|Error Code: InvalidTransactionInfo, Description: Invalid Transaction Information
2022-01-30 20:06:31.0888|TRACE|Program|Initializing application...
2022-01-30 20:06:34.6150|TRACE|TransactionRepository|Error Code: InvalidTransactionInfo, Description: Invalid Transaction Information
2022-01-30 20:07:48.4990|TRACE|Program|Initializing application...
2022-01-30 20:07:50.9241|TRACE|TransactionRepository|Error Code: InvalidTransactionInfo, Description: Invalid Transaction Information
2022-01-30 20:08:32.6162|TRACE|TransactionRepository|Error Code: TransactionAlreadyExist, Description: Transaction Already Exists
2022-01-30 20:09:29.1437|TRACE|Program|Initializing application...
2022-01-30 20:09:32.8194|TRACE|TransactionRepository|Error Code: InvalidTransactionInfo, Description: Invalid Transaction Information
2022-01-30 20:10:18.3965|TRACE|Program|Initializing application...
2022-01-30 20:10:21.2249|TRACE|TransactionRepository|Error Code: InvalidTransactionInfo, Description: Invalid Transaction Information
2022-01-30 20:12:32.4654|TRACE|Program|Initializing application...
2022-01-30 20:12:35.2533|TRACE|TransactionRepository|Error Code: InvalidTransactionInfo, Description: Invalid Transaction Information
2022-01-30 20:14:02.9839|TRACE|Program|Initializing application...
2022-01-30 20:14:05.7882|TRACE|TransactionRepository|Error Code: InvalidTransactionInfo, Description: Invalid Transaction Information
2022-01-30 20:20:46.4575|TRACE|Program|Initializing application...
2022-01-30 20:20:50.3356|TRACE|TransactionRepository|Error Code: InvalidTransactionInfo, Description: Invalid Transaction Information
2022-01-30 20:21:35.0676|TRACE|Program|Initializing application...
2022-01-30 20:21:37.7362|TRACE|TransactionRepository|Error Code: InvalidTransactionInfo, Description: Invalid Transaction Information
2022-01-30 20:22:21.2511|TRACE|Program|Initializing application...
2022-01-30 20:22:22.4131|TRACE|TransactionRepository|Error Code: InvalidTransactionInfo, Description: Invalid Transaction Information
2022-01-30 20:23:51.6879|TRACE|Program|Initializing application...
2022-01-30 20:23:52.8429|TRACE|TransactionRepository|Error Code: InvalidTransactionInfo, Description: Invalid Transaction Information
2022-01-30 20:26:10.1487|TRACE|Program|Initializing application...
2022-01-30 20:26:13.7253|TRACE|TransactionRepository|Error Code: InvalidTransactionInfo, Description: Invalid Transaction Information
2022-01-30 20:29:52.3596|TRACE|Program|Initializing application...
2022-01-30 20:29:55.0760|TRACE|TransactionRepository|Error Code: InvalidTransactionInfo, Description: Invalid Transaction Information
2022-01-30 20:32:16.5613|TRACE|Program|Initializing application...
2022-01-30 20:32:17.6964|TRACE|TransactionRepository|Error Code: InvalidTransactionInfo, Description: Invalid Transaction Information
2022-01-30 20:32:57.0392|TRACE|Program|Initializing application...
2022-01-30 20:32:58.1498|TRACE|TransactionRepository|Error Code: InvalidTransactionInfo, Description: Invalid Transaction Information
2022-01-30 20:33:17.1336|TRACE|TransactionRepository|Error Code: TransactionAlreadyExist, Description: Transaction Already Exists
2022-01-30 20:35:18.2206|TRACE|Program|Initializing application...
2022-01-30 20:35:20.9530|TRACE|TransactionRepository|Error Code: InvalidTransactionInfo, Description: Invalid Transaction Information
2022-01-30 20:58:51.9983|TRACE|Program|Initializing application...
2022-01-30 20:58:57.9636|TRACE|TransactionRepository|Error Code: InvalidTransactionInfo, Description: Invalid Transaction Information
2022-01-30 20:59:41.6433|TRACE|TransactionRepository|Error Code: InvalidTransactionInfo, Description: Invalid Transaction Information
2022-01-30 21:11:04.5837|TRACE|Program|Initializing application...
2022-01-30 21:11:07.3219|TRACE|TransactionRepository|Error Code: InvalidTransactionInfo, Description: Invalid Transaction Information
2022-01-30 21:18:58.3220|TRACE|Program|Initializing application...
2022-01-30 21:19:03.1674|TRACE|TransactionRepository|Error Code: InvalidTransactionInfo, Description: Invalid Transaction Information
2022-01-30 21:23:13.2519|TRACE|Program|Initializing application...
2022-01-30 21:23:19.5497|TRACE|TransactionRepository|Error Code: InvalidTransactionInfo, Description: Invalid Transaction Information
2022-01-30 21:28:23.0517|TRACE|TransactionRepository|Error Code: InvalidTransactionInfo, Description: Invalid Transaction Information
2022-01-30 21:29:59.8733|TRACE|Program|Initializing application...
2022-01-30 21:30:03.8216|TRACE|TransactionRepository|Error Code: InvalidTransactionInfo, Description: Invalid Transaction Information
2022-01-30 21:34:21.1807|TRACE|Program|Initializing application...
2022-01-30 21:34:25.9995|TRACE|TransactionRepository|Error Code: InvalidTransactionInfo, Description: Invalid Transaction Information
2022-01-30 21:34:59.6467|TRACE|Program|Initializing application...
2022-01-30 21:35:04.7633|TRACE|TransactionRepository|Error Code: InvalidTransactionInfo, Description: Invalid Transaction Information
2022-01-30 21:35:59.5008|TRACE|TransactionRepository|Error Code: InvalidTransactionInfo, Description: Invalid Transaction Information
2022-01-30 21:36:19.9087|TRACE|Program|Initializing application...
2022-01-30 21:36:24.1391|TRACE|TransactionRepository|Error Code: InvalidTransactionInfo, Description: Invalid Transaction Information
2022-01-30 21:37:16.3003|TRACE|Program|Initializing application...
2022-01-30 21:37:20.6619|TRACE|TransactionRepository|Error Code: InvalidTransactionInfo, Description: Invalid Transaction Information
2022-01-30 21:38:31.4078|TRACE|Program|Initializing application...
2022-01-30 21:38:35.2015|TRACE|TransactionRepository|Error Code: InvalidTransactionInfo, Description: Invalid Transaction Information
2022-01-30 21:41:29.7315|TRACE|Program|Initializing application...
2022-01-30 21:41:34.2589|TRACE|TransactionRepository|Error Code: InvalidTransactionInfo, Description: Invalid Transaction Information
2022-01-30 21:42:29.2057|TRACE|Program|Initializing application...
2022-01-30 21:42:34.6777|TRACE|TransactionRepository|Error Code: InvalidTransactionInfo, Description: Invalid Transaction Information
2022-01-30 21:43:46.0260|TRACE|Program|Initializing application...
2022-01-30 21:43:51.1306|TRACE|TransactionRepository|Error Code: InvalidTransactionInfo, Description: Invalid Transaction Information
2022-01-30 21:44:45.0531|TRACE|TransactionRepository|Error Code: InvalidTransactionInfo, Description: Invalid Transaction Information
2022-01-30 21:45:37.4910|TRACE|Program|Initializing application...
2022-01-30 21:45:41.3544|TRACE|TransactionRepository|Error Code: InvalidTransactionInfo, Description: Invalid Transaction Information
2022-01-30 21:47:53.0628|TRACE|Program|Initializing application...
2022-01-30 21:47:57.7597|TRACE|TransactionRepository|Error Code: InvalidTransactionInfo, Description: Invalid Transaction Information
2022-01-30 21:49:00.4620|TRACE|Program|Initializing application...
2022-01-30 21:49:05.0995|TRACE|TransactionRepository|Error Code: InvalidTransactionInfo, Description: Invalid Transaction Information
2022-01-30 21:51:49.2339|TRACE|Program|Initializing application...
2022-01-30 21:51:54.4321|TRACE|TransactionRepository|Error Code: InvalidTransactionInfo, Description: Invalid Transaction Information
2022-01-30 21:52:22.7329|TRACE|Program|Initializing application...
2022-01-30 21:52:26.3763|TRACE|TransactionRepository|Error Code: InvalidTransactionInfo, Description: Invalid Transaction Information
2022-01-30 21:53:24.9980|TRACE|Program|Initializing application...
2022-01-30 21:53:29.4638|TRACE|TransactionRepository|Error Code: InvalidTransactionInfo, Description: Invalid Transaction Information
2022-01-30 22:01:15.0090|TRACE|Program|Initializing application...
2022-01-30 22:01:20.2766|TRACE|TransactionRepository|Error Code: InvalidTransactionInfo, Description: Invalid Transaction Information
2022-01-30 22:06:04.5051|TRACE|Program|Initializing application...
2022-01-30 22:06:09.6889|TRACE|TransactionRepository|Error Code: InvalidTransactionInfo, Description: Invalid Transaction Information
2022-01-30 22:06:12.6414|TRACE|TransactionRepository|Error Code: InvalidTransactionInfo, Description: Invalid Transaction Information
2022-01-30 22:41:13.7452|TRACE|Program|Initializing application...
2022-01-30 22:41:18.4736|TRACE|TransactionRepository|Error Code: InvalidTransactionInfo, Description: Invalid Transaction Information
2022-01-30 22:42:32.9137|TRACE|Program|Initializing application...
2022-01-30 22:42:38.5904|TRACE|TransactionRepository|Error Code: InvalidTransactionInfo, Description: Invalid Transaction Information
2022-01-30 22:44:12.7865|TRACE|Program|Initializing application...
2022-01-30 22:44:17.8739|TRACE|TransactionRepository|Error Code: InvalidTransactionInfo, Description: Invalid Transaction Information
2022-01-30 22:49:41.4035|TRACE|Program|Initializing application...
2022-01-30 22:49:47.4263|TRACE|TransactionRepository|Error Code: InvalidTransactionInfo, Description: Invalid Transaction Information
2022-01-30 22:49:50.5555|TRACE|TransactionRepository|Error Code: InvalidTransactionInfo, Description: Invalid Transaction Information
2022-01-30 22:57:26.2635|TRACE|Program|Initializing application...
2022-01-30 22:57:31.3699|TRACE|TransactionRepository|Error Code: InvalidTransactionInfo, Description: Invalid Transaction Information
2022-01-30 23:01:26.6018|TRACE|Program|Initializing application...
2022-01-30 23:01:31.9217|TRACE|TransactionRepository|Error Code: InvalidTransactionInfo, Description: Invalid Transaction Information
2022-01-30 23:06:16.7903|TRACE|Program|Initializing application...
2022-01-30 23:06:18.5958|TRACE|TransactionRepository|Error Code: InvalidTransactionInfo, Description: Invalid Transaction Information
2022-01-30 23:06:31.9672|ERROR|TransactionRepository|An error occurred while updating the entries. See the inner exception for details.
2022-01-30 23:07:18.1813|TRACE|Program|Initializing application...
2022-01-30 23:07:23.0717|TRACE|TransactionRepository|Error Code: InvalidTransactionInfo, Description: Invalid Transaction Information
2022-01-30 23:08:29.8651|ERROR|TransactionRepository|An error occurred while updating the entries. See the inner exception for details.
2022-01-30 23:10:31.4814|ERROR|TransactionRepository|An error occurred while updating the entries. See the inner exception for details.
2022-01-30 23:10:53.9192|TRACE|Program|Initializing application...
2022-01-30 23:13:59.3141|TRACE|Program|Initializing application...
2022-01-30 23:14:01.4131|TRACE|TransactionRepository|Error Code: InvalidTransactionInfo, Description: Invalid Transaction Information
2022-01-30 23:28:01.6413|TRACE|Program|Initializing application...
2022-01-30 23:28:03.8703|TRACE|TransactionRepository|Error Code: InvalidTransactionInfo, Description: Invalid Transaction Information
2022-01-30 23:28:56.6021|TRACE|TransactionRepository|Error Code: InvalidTransactionInfo, Description: Invalid Transaction Information
2022-01-30 23:32:53.2949|TRACE|Program|Initializing application...
2022-01-30 23:32:55.4686|TRACE|TransactionRepository|Error Code: InvalidTransactionInfo, Description: Invalid Transaction Information
2022-01-30 23:36:22.3799|TRACE|Program|Initializing application...
2022-01-30 23:36:54.7978|TRACE|Program|Initializing application...
2022-01-30 23:43:10.7617|TRACE|Program|Initializing application...
2022-01-30 23:47:13.4931|TRACE|Program|Initializing application...
2022-01-30 23:48:36.7405|TRACE|Program|Initializing application...
2022-01-30 23:49:28.5502|TRACE|Program|Initializing application...
2022-01-30 23:50:24.6515|TRACE|Program|Initializing application...
2022-01-30 23:51:04.0265|TRACE|Program|Initializing application...
2022-01-30 23:52:40.0889|TRACE|Program|Initializing application...
2022-01-30 23:53:18.8903|TRACE|TransactionRepository|Error Code: TransactionAlreadyExist, Description: Transaction Already Exists
2022-01-30 23:54:27.2428|TRACE|Program|Initializing application...
2022-01-30 23:54:43.0840|TRACE|TransactionRepository|Error Code: TransactionAlreadyExist, Description: Transaction Already Exists
2022-01-30 23:55:40.3638|TRACE|Program|Initializing application...
2022-01-30 23:59:31.3636|TRACE|Program|Initializing application...
